<?xml version="1.0" encoding="UTF-8"?>
<!-- Generated by org.testng.reporters.JUnitReportReporter -->
<testsuite hostname="PC08-ATS" failures="0" tests="1" name="essential.EmployeeOnboarding" time="61.896" errors="0" timestamp="2025-04-16T17:33:48 IST" skipped="0">
  <testcase classname="essential.EmployeeOnboarding" name="employeeOnboardingWorkflow" time="61.896"/>
</testsuite> <!-- essential.EmployeeOnboarding -->
