<?xml version="1.0" encoding="UTF-8"?>
<!-- Generated by org.testng.reporters.JUnitReportReporter -->
<testsuite hostname="PC08-ATS" failures="0" tests="2" name="essential.LoginLogout" time="50.404" errors="0" timestamp="2025-04-16T16:48:05 IST" skipped="0">
  <testcase classname="essential.LoginLogout" name="employeeLoginLogout" time="2.691"/>
  <testcase classname="essential.LoginLogout" name="adminLoginLogout" time="47.713"/>
</testsuite> <!-- essential.LoginLogout -->
