<?xml version="1.0" encoding="UTF-8"?>
<!-- Generated by org.testng.reporters.JUnitReportReporter -->
<testsuite hostname="PC08-ATS" failures="0" tests="1" name="essential.CreateOrgSetup" time="83.488" errors="0" timestamp="2025-04-15T16:49:13 IST" skipped="0">
  <testcase classname="essential.CreateOrgSetup" name="manageOrganization" time="83.488"/>
  <system-out/>
</testsuite> <!-- essential.CreateOrgSetup -->
