<?xml version="1.0" encoding="UTF-8"?>
<!-- Generated by org.testng.reporters.JUnitReportReporter -->
<testsuite hostname="PC08-ATS" failures="0" tests="1" name="enterprise.ExpenseManagement" time="158.954" errors="0" timestamp="2025-04-18T14:19:11 IST" skipped="0">
  <testcase classname="enterprise.ExpenseManagement" name="completeExpenseManagementFlow" time="158.954"/>
</testsuite> <!-- enterprise.ExpenseManagement -->
