<?xml version="1.0" encoding="UTF-8"?>
<!-- Generated by org.testng.reporters.JUnitReportReporter -->
<testsuite hostname="PC08-ATS" failures="0" tests="2" name="essential.LoginLogout" time="57.823" errors="0" timestamp="2025-04-15T17:50:14 IST" skipped="0">
  <testcase classname="essential.LoginLogout" name="adminLoginLogout" time="52.973"/>
  <system-out/>
  <testcase classname="essential.LoginLogout" name="employeeLoginLogout" time="4.850"/>
  <system-out/>
</testsuite> <!-- essential.LoginLogout -->
