<?xml version="1.0" encoding="UTF-8"?>
<!-- Generated by org.testng.reporters.JUnitReportReporter -->
<testsuite hostname="PC08-ATS" failures="0" tests="1" name="genricUse.EmployeeOnboarding" time="50.808" errors="0" timestamp="2025-04-29T13:03:37 IST" skipped="0">
  <testcase classname="genricUse.EmployeeOnboarding" name="employeeOnboardingWorkflow" time="50.808"/>
</testsuite> <!-- genricUse.EmployeeOnboarding -->
