<?xml version="1.0" encoding="UTF-8"?>
<!-- Generated by org.testng.reporters.JUnitReportReporter -->
<testsuite hostname="PC08-ATS" failures="0" tests="1" name="enterprise.ExpenseManagement" time="128.242" errors="0" timestamp="2025-04-18T15:44:30 IST" skipped="0">
  <testcase classname="enterprise.ExpenseManagement" name="completeExpenseManagementFlow" time="128.242"/>
</testsuite> <!-- enterprise.ExpenseManagement -->
