<?xml version="1.0" encoding="UTF-8"?>
<!-- Generated by org.testng.reporters.JUnitReportReporter -->
<testsuite hostname="PC08-ATS" failures="0" tests="1" name="essential.EmployeeOnboarding" time="57.010" errors="0" timestamp="2025-04-21T12:36:01 IST" skipped="0">
  <testcase classname="essential.EmployeeOnboarding" name="employeeOnboardingWorkflow" time="57.010"/>
</testsuite> <!-- essential.EmployeeOnboarding -->
