<?xml version="1.0" encoding="UTF-8"?>
<!-- Generated by org.testng.reporters.JUnitReportReporter -->
<testsuite hostname="PC08-ATS" failures="0" tests="1" name="essential.LeaveManagement" time="7.893" errors="0" timestamp="2025-05-10T12:51:49 IST" skipped="0">
  <testcase classname="essential.LeaveManagement" name="leaveManagement" time="7.893"/>
</testsuite> <!-- essential.LeaveManagement -->
