<?xml version="1.0" encoding="UTF-8"?>
<!-- Generated by org.testng.reporters.JUnitReportReporter -->
<testsuite hostname="PC08-ATS" failures="0" tests="1" name="essential.LoginLogout" time="16.249" errors="0" timestamp="2025-04-19T17:44:57 IST" skipped="0">
  <testcase classname="essential.LoginLogout" name="adminLoginLogout" time="16.249"/>
</testsuite> <!-- essential.LoginLogout -->
