<?xml version="1.0" encoding="UTF-8"?>
<!-- Generated by org.testng.reporters.JUnitReportReporter -->
<testsuite hostname="PC08-ATS" failures="0" tests="1" name="enterprise.ExpenseWorkflow" time="55.417" errors="0" timestamp="2025-04-18T18:04:51 IST" skipped="0">
  <testcase classname="enterprise.ExpenseWorkflow" name="expenseworkflow" time="55.417"/>
</testsuite> <!-- enterprise.ExpenseWorkflow -->
