<?xml version="1.0" encoding="UTF-8"?>
<!-- Generated by org.testng.reporters.JUnitReportReporter -->
<testsuite hostname="PC08-ATS" failures="0" tests="2" name="essential.LoginLogout" time="64.333" errors="0" timestamp="2025-04-15T16:14:22 IST" skipped="0">
  <testcase classname="essential.LoginLogout" name="adminLoginLogout" time="58.403"/>
  <system-out/>
  <testcase classname="essential.LoginLogout" name="employeeLoginLogout" time="5.930"/>
  <system-out/>
</testsuite> <!-- essential.LoginLogout -->
