<?xml version="1.0" encoding="UTF-8"?>
<!-- Generated by org.testng.reporters.JUnitReportReporter -->
<testsuite hostname="PC08-ATS" failures="0" tests="1" name="basic.Form16" time="19.410" errors="0" timestamp="2025-04-28T18:26:28 IST" skipped="0">
  <testcase classname="basic.Form16" name="expenseworkflow" time="19.410"/>
</testsuite> <!-- basic.Form16 -->
