<?xml version="1.0" encoding="UTF-8"?>
<!-- Generated by org.testng.reporters.JUnitReportReporter -->
<testsuite hostname="PC08-ATS" failures="0" tests="1" name="genricUse.EmployeeOnboarding" time="46.620" errors="0" timestamp="2025-05-10T10:56:10 IST" skipped="0">
  <testcase classname="genricUse.EmployeeOnboarding" name="employeeOnboardingWorkflow" time="46.620"/>
</testsuite> <!-- genricUse.EmployeeOnboarding -->
